<html>
<body>
<pre>
<h1>µVision Build Log</h1>
<h2>Project:</h2>
C:\Users\haris\Documents\ARM\Embedded C\Mini_Project\Voting_machine\Modern_VOTER.uvproj
Project File Date:  02/18/2026

<h2>Output:</h2>
Build target 'Target 1'
compiling main.c...
main.c(10): warning:  #223-D: function "projTopicScroll" declared implicitly
main.c(14): error:  #159: declaration is incompatible with previous "projTopicScroll" (declared at line 10)
Target not created
Build target 'Target 1'
compiling main.c...
linking...
Program Size: Code=1468 RO-data=84 RW-data=0 ZI-data=1256  
FromELF: creating hex file...
"Modern_VOTER.axf" - 0 Error(s), 0 Warning(s).
Build target 'Target 1'
compiling main.c...
lcd.h(1): error:  #5: cannot open source input file "delay.h": No such file or directory
Target not created
Build target 'Target 1'
compiling main.c...
main.c(36): warning:  #550-D: variable "TAG" was set but never used
linking...
Program Size: Code=1696 RO-data=84 RW-data=0 ZI-data=1256  
FromELF: creating hex file...
"Modern_VOTER.axf" - 0 Error(s), 1 Warning(s).
Build target 'Target 1'
compiling main.c...
linking...
Program Size: Code=1704 RO-data=84 RW-data=0 ZI-data=1256  
FromELF: creating hex file...
"Modern_VOTER.axf" - 0 Error(s), 0 Warning(s).
